2026-02-28 20:02:45,655 - INFO - add | 2, 3 = 5
2026-02-28 20:02:45,664 - INFO - add | 2, 3 = 5
2026-02-28 20:02:45,671 - INFO - add | 2, 3 = 5
2026-02-28 20:02:45,675 - INFO - add | 1, 1 = 2
2026-02-28 20:02:45,736 - INFO - add | 3, 4 = 7
2026-02-28 20:02:45,736 - INFO - [Observer] add 3, 4 = 7
2026-03-01 23:03:09,228 - INFO - add | 2.0, 3.0 = 5.0
2026-03-01 23:03:09,229 - INFO - [Observer] add 2.0, 3.0 = 5.0
2026-03-02 12:14:30,841 - INFO - add | 2, 3 = 5
2026-03-02 12:14:30,846 - INFO - add | 2, 3 = 5
2026-03-02 12:14:30,849 - INFO - add | 2, 3 = 5
2026-03-02 12:14:30,852 - INFO - add | 1, 1 = 2
2026-03-02 12:14:30,908 - INFO - add | 3, 4 = 7
2026-03-02 12:14:30,908 - INFO - [Observer] add 3, 4 = 7
2026-03-02 12:16:00,852 - INFO - add | 2, 3 = 5
2026-03-02 12:16:00,856 - INFO - add | 2, 3 = 5
2026-03-02 12:16:00,858 - INFO - add | 2, 3 = 5
2026-03-02 12:16:00,861 - INFO - add | 1, 1 = 2
2026-03-02 12:16:00,894 - INFO - add | 3, 4 = 7
2026-03-02 12:16:00,894 - INFO - [Observer] add 3, 4 = 7
2026-03-02 12:17:35,440 - INFO - add | 2.0, 3.0 = 5.0
2026-03-02 12:17:35,440 - INFO - [Observer] add 2.0, 3.0 = 5.0
2026-03-02 12:17:39,696 - INFO - divide | 5.0, 6.0 = 0.8333333333333334
2026-03-02 12:17:39,696 - INFO - [Observer] divide 5.0, 6.0 = 0.8333333333333334
2026-03-02 12:17:45,633 - INFO - subtract | 2.0, 6.0 = -4.0
2026-03-02 12:17:45,633 - INFO - [Observer] subtract 2.0, 6.0 = -4.0
2026-03-02 12:18:11,101 - INFO - subtract | 5.0, 6.0 = -1.0
2026-03-02 12:18:11,101 - INFO - [Observer] subtract 5.0, 6.0 = -1.0
2026-03-02 12:19:13,757 - INFO - power | 2.0, 5.0 = 32.0
2026-03-02 12:19:13,757 - INFO - [Observer] power 2.0, 5.0 = 32.0
2026-03-02 12:20:37,606 - INFO - add | 2, 3 = 5
2026-03-02 12:20:37,610 - INFO - add | 2, 3 = 5
2026-03-02 12:20:37,612 - INFO - add | 2, 3 = 5
2026-03-02 12:20:37,613 - INFO - add | 1, 1 = 2
2026-03-02 12:20:37,658 - INFO - add | 3, 4 = 7
2026-03-02 12:20:37,659 - INFO - [Observer] add 3, 4 = 7
2026-03-02 12:21:03,991 - INFO - add | 2, 3 = 5
2026-03-02 12:21:03,993 - INFO - add | 2, 3 = 5
2026-03-02 12:21:03,995 - INFO - add | 2, 3 = 5
2026-03-02 12:21:03,997 - INFO - add | 1, 1 = 2
2026-03-02 12:21:04,038 - INFO - add | 3, 4 = 7
2026-03-02 12:21:04,039 - INFO - [Observer] add 3, 4 = 7
2026-03-02 12:23:21,034 - INFO - add | 2, 3 = 5
2026-03-02 12:23:21,037 - INFO - add | 2, 3 = 5
2026-03-02 12:23:21,040 - INFO - add | 2, 3 = 5
2026-03-02 12:23:21,042 - INFO - add | 1, 1 = 2
2026-03-02 12:23:21,082 - INFO - add | 3, 4 = 7
2026-03-02 12:23:21,082 - INFO - [Observer] add 3, 4 = 7
2026-03-02 12:23:21,085 - INFO - add | 4, 5 = 9
2026-03-02 12:23:35,231 - INFO - add | 2, 3 = 5
2026-03-02 12:23:35,235 - INFO - add | 2, 3 = 5
2026-03-02 12:23:35,238 - INFO - add | 2, 3 = 5
2026-03-02 12:23:35,243 - INFO - add | 1, 1 = 2
2026-03-02 12:23:35,289 - INFO - add | 3, 4 = 7
2026-03-02 12:23:35,289 - INFO - [Observer] add 3, 4 = 7
2026-03-02 12:23:35,291 - INFO - add | 4, 5 = 9
2026-03-02 12:23:47,069 - INFO - subtract | 5.0, 6.0 = -1.0
2026-03-02 12:23:47,069 - INFO - [Observer] subtract 5.0, 6.0 = -1.0
2026-03-02 12:24:43,767 - INFO - subtract | 6.0, 5.0 = 1.0
2026-03-02 12:24:43,768 - INFO - [Observer] subtract 6.0, 5.0 = 1.0
2026-03-02 12:24:55,375 - INFO - multiply | 6.0, 5.0 = 30.0
2026-03-02 12:24:55,375 - INFO - [Observer] multiply 6.0, 5.0 = 30.0
2026-03-02 14:10:30,316 - INFO - add | 2, 3 = 5
2026-03-02 14:10:30,319 - INFO - add | 2, 3 = 5
2026-03-02 14:10:30,322 - INFO - add | 2, 3 = 5
2026-03-02 14:10:30,325 - INFO - add | 1, 1 = 2
2026-03-02 14:10:30,375 - INFO - add | 3, 4 = 7
2026-03-02 14:10:30,375 - INFO - [Observer] add 3, 4 = 7
2026-03-02 14:10:30,377 - INFO - add | 4, 5 = 9
2026-03-02 14:10:45,858 - INFO - modulus | 4.0, 6.0 = 4.0
2026-03-02 14:10:45,858 - INFO - [Observer] modulus 4.0, 6.0 = 4.0
2026-03-02 14:10:56,488 - INFO - int_divide | 5.0, 8.0 = 0.0
2026-03-02 14:10:56,488 - INFO - [Observer] int_divide 5.0, 8.0 = 0.0
2026-03-02 14:11:06,090 - INFO - percent | 5.0, 6.0 = 83.33333333333334
2026-03-02 14:11:06,090 - INFO - [Observer] percent 5.0, 6.0 = 83.33333333333334
2026-03-02 14:11:13,896 - INFO - abs_diff | 5.0, 4.0 = 1.0
2026-03-02 14:11:13,896 - INFO - [Observer] abs_diff 5.0, 4.0 = 1.0
2026-03-02 14:12:52,395 - INFO - power | 5.0, 4.0 = 625.0
2026-03-02 14:12:52,395 - INFO - [Observer] power 5.0, 4.0 = 625.0
2026-03-02 14:13:14,457 - INFO - divide | 5.0, 8.0 = 0.625
2026-03-02 14:13:14,458 - INFO - [Observer] divide 5.0, 8.0 = 0.625
2026-03-02 14:51:14,279 - INFO - add | 2, 3 = 5
2026-03-02 14:51:14,282 - INFO - add | 2, 3 = 5
2026-03-02 14:51:14,284 - INFO - add | 2, 3 = 5
2026-03-02 14:51:14,286 - INFO - add | 1, 1 = 2
2026-03-02 14:51:14,371 - INFO - add | 3, 4 = 7
2026-03-02 14:51:14,371 - INFO - [Observer] add 3, 4 = 7
2026-03-02 14:51:14,372 - INFO - add | 4, 5 = 9
